▲ Next.js 16.2.9 (Turbopack)
- Environments: .env.local

  Creating an optimized production build ...
✓ Compiled successfully in 7.7s
  Running TypeScript ...
  Finished TypeScript in 9.4s ...
  Collecting page data using 3 workers ...
  Generating static pages using 3 workers (0/16) ...
  Generating static pages using 3 workers (4/16) 
  Generating static pages using 3 workers (8/16) 
  Generating static pages using 3 workers (12/16) 
✓ Generating static pages using 3 workers (16/16) in 1401ms
  Finalizing page optimization ...

Route (app)
┌ ○ /
├ ○ /_not-found
├ ○ /activities
├ ○ /analyse
├ ƒ /api/activities
├ ƒ /api/ai
├ ƒ /api/collectes
├ ƒ /api/collectes/[id]
├ ƒ /api/collecteurs
├ ƒ /api/indicateurs
├ ƒ /api/kpis
├ ƒ /api/validation
├ ƒ /api/vues
├ ○ /collecte
├ ○ /dashboard
└ ○ /validation


○  (Static)   prerendered as static content
ƒ  (Dynamic)  server-rendered on demand

